<?xml version="1.0" encoding="UTF-8"?>
<testng-results ignored="0" total="3" passed="3" failed="0" skipped="0">
  <reporter-output>
    <line>
      <![CDATA[Alert Message: Thank You for reaching out to us, Satvik Shah]]>
    </line>
    <line>
      <![CDATA[Alert Message: Thank You for reaching out to us, Avinash Kati]]>
    </line>
    <line>
      <![CDATA[Alert Message: Thank You for reaching out to us, Lahri Rath]]>
    </line>
  </reporter-output>
  <suite started-at="2023-09-23T14:27:26 IST" name="Default suite" finished-at="2023-09-23T14:27:49 IST" duration-ms="22658">
    <groups>
    </groups>
    <test started-at="2023-09-23T14:27:26 IST" name="Default test" finished-at="2023-09-23T14:27:49 IST" duration-ms="22658">
      <class name="activities.Activity10">
        <test-method is-config="true" signature="setup()[pri:0, instance:activities.Activity10@53fb3dab]" started-at="2023-09-23T14:27:26 IST" name="setup" finished-at="2023-09-23T14:27:38 IST" duration-ms="11425" status="PASS">
          <reporter-output>
          </reporter-output>
        </test-method> <!-- setup -->
        <test-method signature="registrationTest(java.util.List)[pri:0, instance:activities.Activity10@53fb3dab]" started-at="2023-09-23T14:27:39 IST" name="registrationTest" data-provider="Registration" finished-at="2023-09-23T14:27:41 IST" duration-ms="1970" status="PASS">
          <params>
            <param index="0">
              <value>
                <![CDATA[[1.0, Satvik, Shah, satshah@example.com, 4.537829158E9]]]>
              </value>
            </param>
          </params>
          <reporter-output>
            <line>
              <![CDATA[Alert Message: Thank You for reaching out to us, Satvik Shah]]>
            </line>
          </reporter-output>
        </test-method> <!-- registrationTest -->
        <test-method signature="registrationTest(java.util.List)[pri:0, instance:activities.Activity10@53fb3dab]" started-at="2023-09-23T14:27:41 IST" name="registrationTest" data-provider="Registration" finished-at="2023-09-23T14:27:43 IST" duration-ms="1913" status="PASS">
          <params>
            <param index="0">
              <value>
                <![CDATA[[2.0, Avinash, Kati, avinashK@example.com, 4.892184058E9]]]>
              </value>
            </param>
          </params>
          <reporter-output>
            <line>
              <![CDATA[Alert Message: Thank You for reaching out to us, Avinash Kati]]>
            </line>
          </reporter-output>
        </test-method> <!-- registrationTest -->
        <test-method signature="registrationTest(java.util.List)[pri:0, instance:activities.Activity10@53fb3dab]" started-at="2023-09-23T14:27:43 IST" name="registrationTest" data-provider="Registration" finished-at="2023-09-23T14:27:45 IST" duration-ms="1354" status="PASS">
          <params>
            <param index="0">
              <value>
                <![CDATA[[3.0, Lahri, Rath, lahri.rath@example.com, 4.52872783E9]]]>
              </value>
            </param>
          </params>
          <reporter-output>
            <line>
              <![CDATA[Alert Message: Thank You for reaching out to us, Lahri Rath]]>
            </line>
          </reporter-output>
        </test-method> <!-- registrationTest -->
        <test-method is-config="true" signature="teardown()[pri:0, instance:activities.Activity10@53fb3dab]" started-at="2023-09-23T14:27:45 IST" name="teardown" finished-at="2023-09-23T14:27:49 IST" duration-ms="4464" status="PASS">
          <reporter-output>
          </reporter-output>
        </test-method> <!-- teardown -->
      </class> <!-- activities.Activity10 -->
    </test> <!-- Default test -->
  </suite> <!-- Default suite -->
</testng-results>
