<?xml version="1.0" encoding="UTF-8"?>
<!-- Generated by org.testng.reporters.JUnitXMLReporter -->
<testsuite ignored="0" hostname="DESKTOP-6S7AN3M" failures="0" tests="13" name="Test" time="56.574" errors="0" timestamp="2023-09-22T19:51:18 IST">
  <testcase classname="activities.Activity2" name="test1" time="0.029"/>
  <testcase classname="activities.Activity2" name="test2" time="0.003"/>
  <testcase classname="activities.Activity3" name="test_login" time="0.759"/>
  <testcase classname="activities.Activity1" name="exampleTestCase" time="0.811"/>
  <testcase classname="activities.Activity4" name="firstTestCase" time="0.002"/>
  <testcase classname="activities.Activity4" name="secondTestCase" time="0.002"/>
  <testcase classname="activities.DemoTwo" name="TestCase" time="0.006"/>
  <testcase classname="activities.Activity5" name="pageTitleTest" time="0.008"/>
  <testcase classname="activities.Activity5" name="ButtonTest1" time="0.089"/>
  <testcase classname="activities.Activity5" name="ButtonTest2" time="0.026"/>
  <testcase classname="activities.Activity5" name="HeaderTest1" time="0.025"/>
  <testcase classname="activities.Activity5" name="HeaderTest2" time="0.021"/>
  <testcase classname="activities.Activity6" name="test_login" time="0.462"/>
</testsuite> <!-- Test -->
