<?xml version="1.0" encoding="UTF-8"?>
<!-- Generated by org.testng.reporters.JUnitXMLReporter -->
<testsuite ignored="0" hostname="DESKTOP-6S7AN3M" failures="0" tests="3" name="Default test" time="22.658" errors="0" timestamp="2023-09-23T14:27:49 IST">
  <testcase classname="activities.Activity10" name="registrationTest" time="1.97"/>
  <testcase classname="activities.Activity10" name="registrationTest" time="1.913"/>
  <testcase classname="activities.Activity10" name="registrationTest" time="1.354"/>
</testsuite> <!-- Default test -->
